<?xml version="1.0" encoding="UTF-8"?>
<coverage generated="1614396246309" clover="3.2.0">
  <project timestamp="1614396246310" name="All files">
    <metrics statements="58" coveredstatements="30" conditionals="20" coveredconditionals="5" methods="26" coveredmethods="11" elements="104" coveredelements="46" complexity="0" loc="58" ncloc="58" packages="2" files="5" classes="5"/>
    <package name="components">
      <metrics statements="29" coveredstatements="12" conditionals="4" coveredconditionals="0" methods="13" coveredmethods="5"/>
      <file name="App.jsx" path="/Users/liemnguyen/hfso133/Capstone/Fec2/client/src/components/App.jsx">
        <metrics statements="20" coveredstatements="7" conditionals="4" coveredconditionals="0" methods="9" coveredmethods="3"/>
        <line num="5" count="1" type="stmt"/>
        <line num="9" count="1" type="stmt"/>
        <line num="11" count="1" type="stmt"/>
        <line num="17" count="1" type="stmt"/>
        <line num="18" count="1" type="stmt"/>
        <line num="23" count="0" type="stmt"/>
        <line num="24" count="0" type="stmt"/>
        <line num="25" count="0" type="stmt"/>
        <line num="26" count="0" type="stmt"/>
        <line num="27" count="0" type="stmt"/>
        <line num="28" count="0" type="cond" truecount="0" falsecount="2"/>
        <line num="29" count="0" type="stmt"/>
        <line num="32" count="0" type="cond" truecount="0" falsecount="2"/>
        <line num="33" count="0" type="stmt"/>
        <line num="37" count="0" type="stmt"/>
        <line num="41" count="1" type="stmt"/>
        <line num="43" count="0" type="stmt"/>
        <line num="46" count="0" type="stmt"/>
        <line num="50" count="0" type="stmt"/>
        <line num="54" count="1" type="stmt"/>
      </file>
      <file name="NavBar.jsx" path="/Users/liemnguyen/hfso133/Capstone/Fec2/client/src/components/NavBar.jsx">
        <metrics statements="9" coveredstatements="5" conditionals="0" coveredconditionals="0" methods="4" coveredmethods="2"/>
        <line num="6" count="1" type="stmt"/>
        <line num="8" count="1" type="stmt"/>
        <line num="12" count="1" type="stmt"/>
        <line num="13" count="1" type="stmt"/>
        <line num="17" count="0" type="stmt"/>
        <line num="20" count="0" type="stmt"/>
        <line num="21" count="0" type="stmt"/>
        <line num="22" count="0" type="stmt"/>
        <line num="27" count="1" type="stmt"/>
      </file>
    </package>
    <package name="components.Product_rendering">
      <metrics statements="29" coveredstatements="18" conditionals="16" coveredconditionals="5" methods="13" coveredmethods="6"/>
      <file name="Product_Detail.jsx" path="/Users/liemnguyen/hfso133/Capstone/Fec2/client/src/components/Product_rendering/Product_Detail.jsx">
        <metrics statements="24" coveredstatements="14" conditionals="10" coveredconditionals="3" methods="9" coveredmethods="4"/>
        <line num="7" count="1" type="stmt"/>
        <line num="9" count="1" type="stmt"/>
        <line num="17" count="1" type="stmt"/>
        <line num="18" count="1" type="stmt"/>
        <line num="19" count="1" type="stmt"/>
        <line num="22" count="0" type="stmt"/>
        <line num="23" count="0" type="stmt"/>
        <line num="25" count="0" type="stmt"/>
        <line num="28" count="0" type="stmt"/>
        <line num="32" count="0" type="stmt"/>
        <line num="33" count="0" type="stmt"/>
        <line num="37" count="1" type="cond" truecount="1" falsecount="1"/>
        <line num="38" count="0" type="cond" truecount="0" falsecount="2"/>
        <line num="39" count="0" type="stmt"/>
        <line num="42" count="1" type="stmt"/>
        <line num="45" count="1" type="stmt"/>
        <line num="46" count="1" type="stmt"/>
        <line num="47" count="30" type="stmt"/>
        <line num="49" count="1" type="stmt"/>
        <line num="52" count="0" type="cond" truecount="0" falsecount="2"/>
        <line num="53" count="0" type="stmt"/>
        <line num="59" count="1" type="cond" truecount="1" falsecount="1"/>
        <line num="60" count="1" type="cond" truecount="1" falsecount="1"/>
        <line num="61" count="1" type="stmt"/>
      </file>
      <file name="largePhoto.jsx" path="/Users/liemnguyen/hfso133/Capstone/Fec2/client/src/components/Product_rendering/largePhoto.jsx">
        <metrics statements="2" coveredstatements="2" conditionals="2" coveredconditionals="1" methods="1" coveredmethods="1"/>
        <line num="2" count="1" type="stmt"/>
        <line num="3" count="1" type="cond" truecount="1" falsecount="1"/>
      </file>
      <file name="renderImages.jsx" path="/Users/liemnguyen/hfso133/Capstone/Fec2/client/src/components/Product_rendering/renderImages.jsx">
        <metrics statements="3" coveredstatements="2" conditionals="4" coveredconditionals="1" methods="3" coveredmethods="1"/>
        <line num="1" count="1" type="stmt"/>
        <line num="2" count="1" type="cond" truecount="1" falsecount="1"/>
        <line num="3" count="0" type="cond" truecount="0" falsecount="2"/>
      </file>
    </package>
  </project>
</coverage>
