<?xml version="1.0" encoding="UTF-8"?>
<coverage generated="1614368825423" clover="3.2.0">
  <project timestamp="1614368825423" name="All files">
    <metrics statements="31" coveredstatements="15" conditionals="2" coveredconditionals="1" methods="17" coveredmethods="7" elements="50" coveredelements="23" complexity="0" loc="31" ncloc="31" packages="1" files="4" classes="4"/>
    <file name="App.jsx" path="/Users/connietsai/Desktop/Hack_Reactor/fec/FEC/client/src/components/App.jsx">
      <metrics statements="12" coveredstatements="6" conditionals="0" coveredconditionals="0" methods="7" coveredmethods="3"/>
      <line num="8" count="1" type="stmt"/>
      <line num="10" count="1" type="stmt"/>
      <line num="16" count="1" type="stmt"/>
      <line num="17" count="1" type="stmt"/>
      <line num="22" count="0" type="stmt"/>
      <line num="23" count="0" type="stmt"/>
      <line num="27" count="0" type="stmt"/>
      <line num="31" count="1" type="stmt"/>
      <line num="33" count="0" type="stmt"/>
      <line num="34" count="0" type="stmt"/>
      <line num="37" count="0" type="stmt"/>
      <line num="50" count="1" type="stmt"/>
    </file>
    <file name="Product_Detail.jsx" path="/Users/connietsai/Desktop/Hack_Reactor/fec/FEC/client/src/components/Product_Detail.jsx">
      <metrics statements="14" coveredstatements="5" conditionals="0" coveredconditionals="0" methods="7" coveredmethods="2"/>
      <line num="7" count="1" type="stmt"/>
      <line num="9" count="1" type="stmt"/>
      <line num="15" count="1" type="stmt"/>
      <line num="16" count="1" type="stmt"/>
      <line num="20" count="0" type="stmt"/>
      <line num="21" count="0" type="stmt"/>
      <line num="23" count="0" type="stmt"/>
      <line num="24" count="0" type="stmt"/>
      <line num="25" count="0" type="stmt"/>
      <line num="29" count="0" type="stmt"/>
      <line num="33" count="0" type="stmt"/>
      <line num="34" count="0" type="stmt"/>
      <line num="35" count="0" type="stmt"/>
      <line num="40" count="1" type="stmt"/>
    </file>
    <file name="largePhoto.jsx" path="/Users/connietsai/Desktop/Hack_Reactor/fec/FEC/client/src/components/largePhoto.jsx">
      <metrics statements="2" coveredstatements="2" conditionals="2" coveredconditionals="1" methods="1" coveredmethods="1"/>
      <line num="2" count="1" type="stmt"/>
      <line num="3" count="1" type="cond" truecount="1" falsecount="1"/>
    </file>
    <file name="renderImages.jsx" path="/Users/connietsai/Desktop/Hack_Reactor/fec/FEC/client/src/components/renderImages.jsx">
      <metrics statements="3" coveredstatements="2" conditionals="0" coveredconditionals="0" methods="2" coveredmethods="1"/>
      <line num="1" count="1" type="stmt"/>
      <line num="2" count="1" type="stmt"/>
      <line num="3" count="0" type="stmt"/>
    </file>
  </project>
</coverage>
